c:\users\ms\desktop\fortra\project\sqlbackup\x64\debug\vc143.pdb
c:\users\ms\desktop\fortra\project\sqlbackup\x64\debug\vc143.idb
c:\users\ms\desktop\fortra\project\sqlbackup\x64\debug\sqlite3.obj
c:\users\ms\desktop\fortra\project\sqlbackup\x64\debug\sqlbackup.obj
c:\users\ms\desktop\fortra\project\sqlbackup\x64\debug\ftpclienttest.obj
c:\users\ms\desktop\fortra\project\sqlbackup\x64\debug\ftpclient.obj
c:\users\ms\desktop\fortra\project\sqlbackup\x64\debug\databasetest.obj
c:\users\ms\desktop\fortra\project\sqlbackup\x64\debug\database.obj
c:\users\ms\desktop\fortra\project\sqlbackup\x64\debug\gtest.pdb
c:\users\ms\desktop\fortra\project\sqlbackup\x64\debug\gtest_main.pdb
c:\users\ms\desktop\fortra\project\sqlbackup\x64\debug\sqlbackup.exe
c:\users\ms\desktop\fortra\project\sqlbackup\x64\debug\sqlbackup.ilk
c:\users\ms\desktop\fortra\project\sqlbackup\x64\debug\sqlbackup.pdb
c:\users\ms\desktop\fortra\project\sqlbackup\x64\debug\sqlbackup.tlog\cl.command.1.tlog
c:\users\ms\desktop\fortra\project\sqlbackup\x64\debug\sqlbackup.tlog\cl.items.tlog
c:\users\ms\desktop\fortra\project\sqlbackup\x64\debug\sqlbackup.tlog\cl.read.1.tlog
c:\users\ms\desktop\fortra\project\sqlbackup\x64\debug\sqlbackup.tlog\cl.write.1.tlog
c:\users\ms\desktop\fortra\project\sqlbackup\x64\debug\sqlbackup.tlog\copylocal.read.1u.tlog
c:\users\ms\desktop\fortra\project\sqlbackup\x64\debug\sqlbackup.tlog\copylocal.write.1u.tlog
c:\users\ms\desktop\fortra\project\sqlbackup\x64\debug\sqlbackup.tlog\link.command.1.tlog
c:\users\ms\desktop\fortra\project\sqlbackup\x64\debug\sqlbackup.tlog\link.read.1.tlog
c:\users\ms\desktop\fortra\project\sqlbackup\x64\debug\sqlbackup.tlog\link.write.1.tlog
